# JRE version: OpenJDK Runtime Environment Temurin-11.0.30+7 (11.0.30+7) (build 11.0.30+7)
# Java VM: OpenJDK 64-Bit Server VM Temurin-11.0.30+7 (11.0.30+7, mixed mode, tiered, compressed oops, g1 gc, windows-amd64)
Heap:
 garbage-first heap   total 131072K, used 15059K [0x0000000081a00000, 0x0000000100000000)
  region size 1024K, 7 young (7168K), 6 survivors (6144K)
 Metaspace       used 26902K, capacity 28083K, committed 28288K, reserved 1079296K
  class space    used 2936K, capacity 3454K, committed 3456K, reserved 1048576K
GC Heap History (6 events):
Event: 1.009 GC heap before
{Heap before GC invocations=0 (full 0):
 garbage-first heap   total 131072K, used 15360K [0x0000000081a00000, 0x0000000100000000)
  region size 1024K, 14 young (14336K), 0 survivors (0K)
 Metaspace       used 9086K, capacity 9228K, committed 9344K, reserved 1058816K
  class space    used 802K, capacity 840K, committed 896K, reserved 1048576K
}
Event: 1.014 GC heap after
{Heap after GC invocations=1 (full 0):
 garbage-first heap   total 131072K, used 4187K [0x0000000081a00000, 0x0000000100000000)
  region size 1024K, 2 young (2048K), 2 survivors (2048K)
 Metaspace       used 9086K, capacity 9228K, committed 9344K, reserved 1058816K
  class space    used 802K, capacity 840K, committed 896K, reserved 1048576K
}
Event: 3.034 GC heap before
{Heap before GC invocations=1 (full 0):
 garbage-first heap   total 131072K, used 52315K [0x0000000081a00000, 0x0000000100000000)
  region size 1024K, 50 young (51200K), 2 survivors (2048K)
 Metaspace       used 20420K, capacity 21115K, committed 21248K, reserved 1069056K
  class space    used 2108K, capacity 2437K, committed 2560K, reserved 1048576K
}
Event: 3.051 GC heap after
{Heap after GC invocations=2 (full 0):
 garbage-first heap   total 131072K, used 9344K [0x0000000081a00000, 0x0000000100000000)
  region size 1024K, 8 young (8192K), 8 survivors (8192K)
 Metaspace       used 20420K, capacity 21115K, committed 21248K, reserved 1069056K
  class space    used 2108K, capacity 2437K, committed 2560K, reserved 1048576K
}
Event: 3.382 GC heap before
{Heap before GC invocations=3 (full 0):
 garbage-first heap   total 131072K, used 27776K [0x0000000081a00000, 0x0000000100000000)
  region size 1024K, 26 young (26624K), 8 survivors (8192K)
 Metaspace       used 21707K, capacity 22450K, committed 22656K, reserved 1069056K
  class space    used 2242K, capacity 2585K, committed 2688K, reserved 1048576K
}
Event: 3.402 GC heap after
{Heap after GC invocations=4 (full 0):
 garbage-first heap   total 131072K, used 13480K [0x0000000081a00000, 0x0000000100000000)
  region size 1024K, 4 young (4096K), 4 survivors (4096K)
 Metaspace       used 21707K, capacity 22450K, committed 22656K, reserved 1069056K
  class space    used 2242K, capacity 2585K, committed 2688K, reserved 1048576K
}

