# JRE version: OpenJDK Runtime Environment Temurin-11.0.30+7 (11.0.30+7) (build 11.0.30+7)
# Java VM: OpenJDK 64-Bit Server VM Temurin-11.0.30+7 (11.0.30+7, mixed mode, tiered, compressed oops, g1 gc, windows-amd64)
Heap:
 garbage-first heap   total 131072K, used 30421K [0x0000000081a00000, 0x0000000100000000)
  region size 1024K, 17 young (17408K), 7 survivors (7168K)
 Metaspace       used 29353K, capacity 30535K, committed 30592K, reserved 1077248K
  class space    used 3134K, capacity 3662K, committed 3712K, reserved 1048576K
GC Heap History (10 events):
Event: 1.959 GC heap before
{Heap before GC invocations=0 (full 0):
 garbage-first heap   total 131072K, used 14336K [0x0000000081a00000, 0x0000000100000000)
  region size 1024K, 14 young (14336K), 0 survivors (0K)
 Metaspace       used 9371K, capacity 9499K, committed 9600K, reserved 1058816K
  class space    used 824K, capacity 888K, committed 896K, reserved 1048576K
}
Event: 1.966 GC heap after
{Heap after GC invocations=1 (full 0):
 garbage-first heap   total 131072K, used 5376K [0x0000000081a00000, 0x0000000100000000)
  region size 1024K, 2 young (2048K), 2 survivors (2048K)
 Metaspace       used 9371K, capacity 9499K, committed 9600K, reserved 1058816K
  class space    used 824K, capacity 888K, committed 896K, reserved 1048576K
}
Event: 2.576 GC heap before
{Heap before GC invocations=1 (full 0):
 garbage-first heap   total 131072K, used 15616K [0x0000000081a00000, 0x0000000100000000)
  region size 1024K, 12 young (12288K), 2 survivors (2048K)
 Metaspace       used 11842K, capacity 12044K, committed 12160K, reserved 1060864K
  class space    used 1062K, capacity 1144K, committed 1152K, reserved 1048576K
}
Event: 2.584 GC heap after
{Heap after GC invocations=2 (full 0):
 garbage-first heap   total 131072K, used 6526K [0x0000000081a00000, 0x0000000100000000)
  region size 1024K, 2 young (2048K), 2 survivors (2048K)
 Metaspace       used 11842K, capacity 12044K, committed 12160K, reserved 1060864K
  class space    used 1062K, capacity 1144K, committed 1152K, reserved 1048576K
}
Event: 3.894 GC heap before
{Heap before GC invocations=2 (full 0):
 garbage-first heap   total 131072K, used 37246K [0x0000000081a00000, 0x0000000100000000)
  region size 1024K, 30 young (30720K), 2 survivors (2048K)
 Metaspace       used 16354K, capacity 16618K, committed 16768K, reserved 1064960K
  class space    used 1488K, capacity 1604K, committed 1664K, reserved 1048576K
}
Event: 3.906 GC heap after
{Heap after GC invocations=3 (full 0):
 garbage-first heap   total 131072K, used 9981K [0x0000000081a00000, 0x0000000100000000)
  region size 1024K, 4 young (4096K), 4 survivors (4096K)
 Metaspace       used 16354K, capacity 16618K, committed 16768K, reserved 1064960K
  class space    used 1488K, capacity 1604K, committed 1664K, reserved 1048576K
}
Event: 5.564 GC heap before
{Heap before GC invocations=3 (full 0):
 garbage-first heap   total 131072K, used 58109K [0x0000000081a00000, 0x0000000100000000)
  region size 1024K, 52 young (53248K), 4 survivors (4096K)
 Metaspace       used 20435K, capacity 21201K, committed 21248K, reserved 1069056K
  class space    used 1989K, capacity 2298K, committed 2304K, reserved 1048576K
}
Event: 5.592 GC heap after
{Heap after GC invocations=4 (full 0):
 garbage-first heap   total 131072K, used 15556K [0x0000000081a00000, 0x0000000100000000)
  region size 1024K, 10 young (10240K), 10 survivors (10240K)
 Metaspace       used 20435K, capacity 21201K, committed 21248K, reserved 1069056K
  class space    used 1989K, capacity 2298K, committed 2304K, reserved 1048576K
}
Event: 8.895 GC heap before
{Heap before GC invocations=5 (full 0):
 garbage-first heap   total 131072K, used 69828K [0x0000000081a00000, 0x0000000100000000)
  region size 1024K, 63 young (64512K), 10 survivors (10240K)
 Metaspace       used 28508K, capacity 29640K, committed 29952K, reserved 1075200K
  class space    used 3037K, capacity 3508K, committed 3584K, reserved 1048576K
}
Event: 8.927 GC heap after
{Heap after GC invocations=6 (full 0):
 garbage-first heap   total 131072K, used 21205K [0x0000000081a00000, 0x0000000100000000)
  region size 1024K, 7 young (7168K), 7 survivors (7168K)
 Metaspace       used 28508K, capacity 29640K, committed 29952K, reserved 1075200K
  class space    used 3037K, capacity 3508K, committed 3584K, reserved 1048576K
}

