# JRE version: OpenJDK Runtime Environment Temurin-11.0.30+7 (11.0.30+7) (build 11.0.30+7)
# Java VM: OpenJDK 64-Bit Server VM Temurin-11.0.30+7 (11.0.30+7, mixed mode, tiered, compressed oops, g1 gc, windows-amd64)
Heap:
 garbage-first heap   total 131072K, used 27173K [0x0000000081a00000, 0x0000000100000000)
  region size 1024K, 16 young (16384K), 5 survivors (5120K)
 Metaspace       used 28491K, capacity 30117K, committed 30336K, reserved 1079296K
  class space    used 3289K, capacity 3938K, committed 3968K, reserved 1048576K
GC Heap History (10 events):
Event: 0.822 GC heap before
{Heap before GC invocations=0 (full 0):
 garbage-first heap   total 131072K, used 14336K [0x0000000081a00000, 0x0000000100000000)
  region size 1024K, 14 young (14336K), 0 survivors (0K)
 Metaspace       used 9172K, capacity 9297K, committed 9344K, reserved 1058816K
  class space    used 838K, capacity 890K, committed 896K, reserved 1048576K
}
Event: 0.828 GC heap after
{Heap after GC invocations=1 (full 0):
 garbage-first heap   total 131072K, used 5929K [0x0000000081a00000, 0x0000000100000000)
  region size 1024K, 2 young (2048K), 2 survivors (2048K)
 Metaspace       used 9172K, capacity 9297K, committed 9344K, reserved 1058816K
  class space    used 838K, capacity 890K, committed 896K, reserved 1048576K
}
Event: 1.603 GC heap before
{Heap before GC invocations=1 (full 0):
 garbage-first heap   total 131072K, used 18217K [0x0000000081a00000, 0x0000000100000000)
  region size 1024K, 14 young (14336K), 2 survivors (2048K)
 Metaspace       used 12843K, capacity 13248K, committed 13568K, reserved 1060864K
  class space    used 1282K, capacity 1454K, committed 1536K, reserved 1048576K
}
Event: 1.609 GC heap after
{Heap after GC invocations=2 (full 0):
 garbage-first heap   total 131072K, used 6967K [0x0000000081a00000, 0x0000000100000000)
  region size 1024K, 1 young (1024K), 1 survivors (1024K)
 Metaspace       used 12843K, capacity 13248K, committed 13568K, reserved 1060864K
  class space    used 1282K, capacity 1454K, committed 1536K, reserved 1048576K
}
Event: 2.459 GC heap before
{Heap before GC invocations=2 (full 0):
 garbage-first heap   total 131072K, used 36663K [0x0000000081a00000, 0x0000000100000000)
  region size 1024K, 31 young (31744K), 1 survivors (1024K)
 Metaspace       used 19038K, capacity 19786K, committed 20096K, reserved 1067008K
  class space    used 2009K, capacity 2323K, committed 2432K, reserved 1048576K
}
Event: 2.466 GC heap after
{Heap after GC invocations=3 (full 0):
 garbage-first heap   total 131072K, used 10151K [0x0000000081a00000, 0x0000000100000000)
  region size 1024K, 4 young (4096K), 4 survivors (4096K)
 Metaspace       used 19038K, capacity 19786K, committed 20096K, reserved 1067008K
  class space    used 2009K, capacity 2323K, committed 2432K, reserved 1048576K
}
Event: 2.659 GC heap before
{Heap before GC invocations=3 (full 0):
 garbage-first heap   total 131072K, used 16295K [0x0000000081a00000, 0x0000000100000000)
  region size 1024K, 11 young (11264K), 4 survivors (4096K)
 Metaspace       used 20293K, capacity 21119K, committed 21248K, reserved 1069056K
  class space    used 2110K, capacity 2469K, committed 2560K, reserved 1048576K
}
Event: 2.673 GC heap after
{Heap after GC invocations=4 (full 0):
 garbage-first heap   total 131072K, used 12050K [0x0000000081a00000, 0x0000000100000000)
  region size 1024K, 2 young (2048K), 2 survivors (2048K)
 Metaspace       used 20293K, capacity 21119K, committed 21248K, reserved 1069056K
  class space    used 2110K, capacity 2469K, committed 2560K, reserved 1048576K
}
Event: 5.191 GC heap before
{Heap before GC invocations=5 (full 0):
 garbage-first heap   total 131072K, used 48914K [0x0000000081a00000, 0x0000000100000000)
  region size 1024K, 39 young (39936K), 2 survivors (2048K)
 Metaspace       used 26757K, capacity 28176K, committed 28288K, reserved 1073152K
  class space    used 3036K, capacity 3632K, committed 3712K, reserved 1048576K
}
Event: 5.203 GC heap after
{Heap after GC invocations=6 (full 0):
 garbage-first heap   total 131072K, used 16933K [0x0000000081a00000, 0x0000000100000000)
  region size 1024K, 5 young (5120K), 5 survivors (5120K)
 Metaspace       used 26757K, capacity 28176K, committed 28288K, reserved 1073152K
  class space    used 3036K, capacity 3632K, committed 3712K, reserved 1048576K
}

