# JRE version: OpenJDK Runtime Environment Temurin-11.0.30+7 (11.0.30+7) (build 11.0.30+7)
# Java VM: OpenJDK 64-Bit Server VM Temurin-11.0.30+7 (11.0.30+7, mixed mode, tiered, compressed oops, g1 gc, windows-amd64)
Heap:
 garbage-first heap   total 131072K, used 52204K [0x0000000081a00000, 0x0000000100000000)
  region size 1024K, 40 young (40960K), 5 survivors (5120K)
 Metaspace       used 29681K, capacity 31388K, committed 31616K, reserved 1077248K
  class space    used 3465K, capacity 4172K, committed 4224K, reserved 1048576K
GC Heap History (8 events):
Event: 0.718 GC heap before
{Heap before GC invocations=0 (full 0):
 garbage-first heap   total 131072K, used 14336K [0x0000000081a00000, 0x0000000100000000)
  region size 1024K, 14 young (14336K), 0 survivors (0K)
 Metaspace       used 9181K, capacity 9297K, committed 9344K, reserved 1058816K
  class space    used 837K, capacity 890K, committed 896K, reserved 1048576K
}
Event: 0.723 GC heap after
{Heap after GC invocations=1 (full 0):
 garbage-first heap   total 131072K, used 5387K [0x0000000081a00000, 0x0000000100000000)
  region size 1024K, 2 young (2048K), 2 survivors (2048K)
 Metaspace       used 9181K, capacity 9297K, committed 9344K, reserved 1058816K
  class space    used 837K, capacity 890K, committed 896K, reserved 1048576K
}
Event: 2.472 GC heap before
{Heap before GC invocations=1 (full 0):
 garbage-first heap   total 131072K, used 55563K [0x0000000081a00000, 0x0000000100000000)
  region size 1024K, 52 young (53248K), 2 survivors (2048K)
 Metaspace       used 20257K, capacity 21078K, committed 21248K, reserved 1069056K
  class space    used 2099K, capacity 2433K, committed 2560K, reserved 1048576K
}
Event: 2.494 GC heap after
{Heap after GC invocations=2 (full 0):
 garbage-first heap   total 131072K, used 11375K [0x0000000081a00000, 0x0000000100000000)
  region size 1024K, 8 young (8192K), 8 survivors (8192K)
 Metaspace       used 20257K, capacity 21078K, committed 21248K, reserved 1069056K
  class space    used 2099K, capacity 2433K, committed 2560K, reserved 1048576K
}
Event: 2.612 GC heap before
{Heap before GC invocations=3 (full 0):
 garbage-first heap   total 131072K, used 19567K [0x0000000081a00000, 0x0000000100000000)
  region size 1024K, 16 young (16384K), 8 survivors (8192K)
 Metaspace       used 20402K, capacity 21305K, committed 21504K, reserved 1069056K
  class space    used 2103K, capacity 2466K, committed 2560K, reserved 1048576K
}
Event: 2.626 GC heap after
{Heap after GC invocations=4 (full 0):
 garbage-first heap   total 131072K, used 13465K [0x0000000081a00000, 0x0000000100000000)
  region size 1024K, 2 young (2048K), 2 survivors (2048K)
 Metaspace       used 20402K, capacity 21305K, committed 21504K, reserved 1069056K
  class space    used 2103K, capacity 2466K, committed 2560K, reserved 1048576K
}
Event: 6.183 GC heap before
{Heap before GC invocations=4 (full 0):
 garbage-first heap   total 131072K, used 51353K [0x0000000081a00000, 0x0000000100000000)
  region size 1024K, 39 young (39936K), 2 survivors (2048K)
 Metaspace       used 28030K, capacity 29691K, committed 29824K, reserved 1075200K
  class space    used 3250K, capacity 3948K, committed 3968K, reserved 1048576K
}
Event: 6.192 GC heap after
{Heap after GC invocations=5 (full 0):
 garbage-first heap   total 131072K, used 17388K [0x0000000081a00000, 0x0000000100000000)
  region size 1024K, 5 young (5120K), 5 survivors (5120K)
 Metaspace       used 28030K, capacity 29691K, committed 29824K, reserved 1075200K
  class space    used 3250K, capacity 3948K, committed 3968K, reserved 1048576K
}

