# JRE version: OpenJDK Runtime Environment Temurin-11.0.30+7 (11.0.30+7) (build 11.0.30+7)
# Java VM: OpenJDK 64-Bit Server VM Temurin-11.0.30+7 (11.0.30+7, mixed mode, tiered, compressed oops, g1 gc, windows-amd64)
Heap:
 garbage-first heap   total 131072K, used 66471K [0x0000000081a00000, 0x0000000100000000)
  region size 1024K, 55 young (56320K), 7 survivors (7168K)
 Metaspace       used 33579K, capacity 34833K, committed 34944K, reserved 1079296K
  class space    used 3610K, capacity 4180K, committed 4224K, reserved 1048576K
GC Heap History (8 events):
Event: 2.355 GC heap before
{Heap before GC invocations=0 (full 0):
 garbage-first heap   total 131072K, used 14336K [0x0000000081a00000, 0x0000000100000000)
  region size 1024K, 14 young (14336K), 0 survivors (0K)
 Metaspace       used 9114K, capacity 9272K, committed 9344K, reserved 1058816K
  class space    used 818K, capacity 855K, committed 896K, reserved 1048576K
}
Event: 2.361 GC heap after
{Heap after GC invocations=1 (full 0):
 garbage-first heap   total 131072K, used 5527K [0x0000000081a00000, 0x0000000100000000)
  region size 1024K, 2 young (2048K), 2 survivors (2048K)
 Metaspace       used 9114K, capacity 9272K, committed 9344K, reserved 1058816K
  class space    used 818K, capacity 855K, committed 896K, reserved 1048576K
}
Event: 3.235 GC heap before
{Heap before GC invocations=1 (full 0):
 garbage-first heap   total 131072K, used 12695K [0x0000000081a00000, 0x0000000100000000)
  region size 1024K, 10 young (10240K), 2 survivors (2048K)
 Metaspace       used 11307K, capacity 11483K, committed 11648K, reserved 1060864K
  class space    used 1002K, capacity 1061K, committed 1152K, reserved 1048576K
}
Event: 3.240 GC heap after
{Heap after GC invocations=2 (full 0):
 garbage-first heap   total 131072K, used 6240K [0x0000000081a00000, 0x0000000100000000)
  region size 1024K, 1 young (1024K), 1 survivors (1024K)
 Metaspace       used 11307K, capacity 11483K, committed 11648K, reserved 1060864K
  class space    used 1002K, capacity 1061K, committed 1152K, reserved 1048576K
}
Event: 5.943 GC heap before
{Heap before GC invocations=2 (full 0):
 garbage-first heap   total 131072K, used 66656K [0x0000000081a00000, 0x0000000100000000)
  region size 1024K, 59 young (60416K), 1 survivors (1024K)
 Metaspace       used 20800K, capacity 21163K, committed 21296K, reserved 1069056K
  class space    used 1974K, capacity 2123K, committed 2176K, reserved 1048576K
}
Event: 5.970 GC heap after
{Heap after GC invocations=3 (full 0):
 garbage-first heap   total 131072K, used 11965K [0x0000000081a00000, 0x0000000100000000)
  region size 1024K, 7 young (7168K), 7 survivors (7168K)
 Metaspace       used 20800K, capacity 21163K, committed 21296K, reserved 1069056K
  class space    used 1974K, capacity 2123K, committed 2176K, reserved 1048576K
}
Event: 9.694 GC heap before
{Heap before GC invocations=4 (full 0):
 garbage-first heap   total 131072K, used 74429K [0x0000000081a00000, 0x0000000100000000)
  region size 1024K, 68 young (69632K), 7 survivors (7168K)
 Metaspace       used 25829K, capacity 26709K, committed 26880K, reserved 1073152K
  class space    used 2617K, capacity 2967K, committed 3072K, reserved 1048576K
}
Event: 9.725 GC heap after
{Heap after GC invocations=5 (full 0):
 garbage-first heap   total 131072K, used 18343K [0x0000000081a00000, 0x0000000100000000)
  region size 1024K, 7 young (7168K), 7 survivors (7168K)
 Metaspace       used 25829K, capacity 26709K, committed 26880K, reserved 1073152K
  class space    used 2617K, capacity 2967K, committed 3072K, reserved 1048576K
}

