# JRE version: OpenJDK Runtime Environment Temurin-11.0.30+7 (11.0.30+7) (build 11.0.30+7)
# Java VM: OpenJDK 64-Bit Server VM Temurin-11.0.30+7 (11.0.30+7, mixed mode, tiered, compressed oops, g1 gc, windows-amd64)
Heap:
 garbage-first heap   total 131072K, used 42025K [0x0000000081a00000, 0x0000000100000000)
  region size 1024K, 29 young (29696K), 8 survivors (8192K)
 Metaspace       used 32068K, capacity 33305K, committed 33532K, reserved 1079296K
  class space    used 3626K, capacity 4201K, committed 4348K, reserved 1048576K
GC Heap History (10 events):
Event: 1.279 GC heap before
{Heap before GC invocations=0 (full 0):
 garbage-first heap   total 131072K, used 14336K [0x0000000081a00000, 0x0000000100000000)
  region size 1024K, 14 young (14336K), 0 survivors (0K)
 Metaspace       used 9109K, capacity 9272K, committed 9344K, reserved 1058816K
  class space    used 817K, capacity 855K, committed 896K, reserved 1048576K
}
Event: 1.285 GC heap after
{Heap after GC invocations=1 (full 0):
 garbage-first heap   total 131072K, used 5533K [0x0000000081a00000, 0x0000000100000000)
  region size 1024K, 2 young (2048K), 2 survivors (2048K)
 Metaspace       used 9109K, capacity 9272K, committed 9344K, reserved 1058816K
  class space    used 817K, capacity 855K, committed 896K, reserved 1048576K
}
Event: 1.625 GC heap before
{Heap before GC invocations=1 (full 0):
 garbage-first heap   total 131072K, used 12701K [0x0000000081a00000, 0x0000000100000000)
  region size 1024K, 10 young (10240K), 2 survivors (2048K)
 Metaspace       used 11425K, capacity 11611K, committed 11904K, reserved 1060864K
  class space    used 1006K, capacity 1061K, committed 1152K, reserved 1048576K
}
Event: 1.630 GC heap after
{Heap after GC invocations=2 (full 0):
 garbage-first heap   total 131072K, used 6465K [0x0000000081a00000, 0x0000000100000000)
  region size 1024K, 1 young (1024K), 1 survivors (1024K)
 Metaspace       used 11425K, capacity 11611K, committed 11904K, reserved 1060864K
  class space    used 1006K, capacity 1061K, committed 1152K, reserved 1048576K
}
Event: 3.544 GC heap before
{Heap before GC invocations=2 (full 0):
 garbage-first heap   total 131072K, used 86337K [0x0000000081a00000, 0x0000000100000000)
  region size 1024K, 76 young (77824K), 1 survivors (1024K)
 Metaspace       used 19943K, capacity 20677K, committed 20992K, reserved 1069056K
  class space    used 1909K, capacity 2193K, committed 2304K, reserved 1048576K
}
Event: 3.565 GC heap after
{Heap after GC invocations=3 (full 0):
 garbage-first heap   total 131072K, used 14451K [0x0000000081a00000, 0x0000000100000000)
  region size 1024K, 9 young (9216K), 9 survivors (9216K)
 Metaspace       used 19943K, capacity 20677K, committed 20992K, reserved 1069056K
  class space    used 1909K, capacity 2193K, committed 2304K, reserved 1048576K
}
Event: 3.732 GC heap before
{Heap before GC invocations=3 (full 0):
 garbage-first heap   total 131072K, used 19571K [0x0000000081a00000, 0x0000000100000000)
  region size 1024K, 15 young (15360K), 9 survivors (9216K)
 Metaspace       used 20521K, capacity 21222K, committed 21296K, reserved 1069056K
  class space    used 2014K, capacity 2306K, committed 2352K, reserved 1048576K
}
Event: 3.762 GC heap after
{Heap after GC invocations=4 (full 0):
 garbage-first heap   total 131072K, used 15362K [0x0000000081a00000, 0x0000000100000000)
  region size 1024K, 2 young (2048K), 2 survivors (2048K)
 Metaspace       used 20521K, capacity 21222K, committed 21296K, reserved 1069056K
  class space    used 2014K, capacity 2306K, committed 2352K, reserved 1048576K
}
Event: 6.236 GC heap before
{Heap before GC invocations=5 (full 0):
 garbage-first heap   total 131072K, used 80898K [0x0000000081a00000, 0x0000000100000000)
  region size 1024K, 66 young (67584K), 2 survivors (2048K)
 Metaspace       used 29724K, capacity 30919K, committed 30972K, reserved 1077248K
  class space    used 3241K, capacity 3790K, committed 3836K, reserved 1048576K
}
Event: 6.251 GC heap after
{Heap after GC invocations=6 (full 0):
 garbage-first heap   total 131072K, used 21545K [0x0000000081a00000, 0x0000000100000000)
  region size 1024K, 8 young (8192K), 8 survivors (8192K)
 Metaspace       used 29724K, capacity 30919K, committed 30972K, reserved 1077248K
  class space    used 3241K, capacity 3790K, committed 3836K, reserved 1048576K
}

