# JRE version: OpenJDK Runtime Environment Temurin-11.0.30+7 (11.0.30+7) (build 11.0.30+7)
# Java VM: OpenJDK 64-Bit Server VM Temurin-11.0.30+7 (11.0.30+7, mixed mode, tiered, compressed oops, g1 gc, windows-amd64)
Heap:
 garbage-first heap   total 157696K, used 16307K [0x0000000081a00000, 0x0000000100000000)
  region size 1024K, 6 young (6144K), 6 survivors (6144K)
 Metaspace       used 27820K, capacity 29371K, committed 29440K, reserved 1075200K
  class space    used 3201K, capacity 3838K, committed 3840K, reserved 1048576K
GC Heap History (9 events):
Event: 0.637 GC heap before
{Heap before GC invocations=0 (full 0):
 garbage-first heap   total 131072K, used 14336K [0x0000000081a00000, 0x0000000100000000)
  region size 1024K, 14 young (14336K), 0 survivors (0K)
 Metaspace       used 9179K, capacity 9297K, committed 9344K, reserved 1058816K
  class space    used 839K, capacity 890K, committed 896K, reserved 1048576K
}
Event: 0.642 GC heap after
{Heap after GC invocations=1 (full 0):
 garbage-first heap   total 131072K, used 5506K [0x0000000081a00000, 0x0000000100000000)
  region size 1024K, 2 young (2048K), 2 survivors (2048K)
 Metaspace       used 9179K, capacity 9297K, committed 9344K, reserved 1058816K
  class space    used 839K, capacity 890K, committed 896K, reserved 1048576K
}
Event: 1.306 GC heap before
{Heap before GC invocations=1 (full 0):
 garbage-first heap   total 131072K, used 17794K [0x0000000081a00000, 0x0000000100000000)
  region size 1024K, 14 young (14336K), 2 survivors (2048K)
 Metaspace       used 12748K, capacity 13173K, committed 13312K, reserved 1060864K
  class space    used 1273K, capacity 1450K, committed 1536K, reserved 1048576K
}
Event: 1.311 GC heap after
{Heap after GC invocations=2 (full 0):
 garbage-first heap   total 131072K, used 6392K [0x0000000081a00000, 0x0000000100000000)
  region size 1024K, 1 young (1024K), 1 survivors (1024K)
 Metaspace       used 12748K, capacity 13173K, committed 13312K, reserved 1060864K
  class space    used 1273K, capacity 1450K, committed 1536K, reserved 1048576K
}
Event: 2.117 GC heap before
{Heap before GC invocations=2 (full 0):
 garbage-first heap   total 131072K, used 36088K [0x0000000081a00000, 0x0000000100000000)
  region size 1024K, 30 young (30720K), 1 survivors (1024K)
 Metaspace       used 18897K, capacity 19729K, committed 19840K, reserved 1067008K
  class space    used 1987K, capacity 2323K, committed 2432K, reserved 1048576K
}
Event: 2.129 GC heap after
{Heap after GC invocations=3 (full 0):
 garbage-first heap   total 131072K, used 9062K [0x0000000081a00000, 0x0000000100000000)
  region size 1024K, 4 young (4096K), 4 survivors (4096K)
 Metaspace       used 18897K, capacity 19729K, committed 19840K, reserved 1067008K
  class space    used 1987K, capacity 2323K, committed 2432K, reserved 1048576K
}
Event: 2.370 GC heap before
{Heap before GC invocations=3 (full 0):
 garbage-first heap   total 131072K, used 18278K [0x0000000081a00000, 0x0000000100000000)
  region size 1024K, 14 young (14336K), 4 survivors (4096K)
 Metaspace       used 20292K, capacity 21136K, committed 21248K, reserved 1069056K
  class space    used 2109K, capacity 2472K, committed 2560K, reserved 1048576K
}
Event: 2.382 GC heap after
{Heap after GC invocations=4 (full 0):
 garbage-first heap   total 131072K, used 11241K [0x0000000081a00000, 0x0000000100000000)
  region size 1024K, 5 young (5120K), 5 survivors (5120K)
 Metaspace       used 20292K, capacity 21136K, committed 21248K, reserved 1069056K
  class space    used 2109K, capacity 2472K, committed 2560K, reserved 1048576K
}
Event: 6.469 GC heap before
{Heap before GC invocations=5 (full 0):
 garbage-first heap   total 131072K, used 54249K [0x0000000081a00000, 0x0000000100000000)
  region size 1024K, 47 young (48128K), 5 survivors (5120K)
 Metaspace       used 27820K, capacity 29371K, committed 29440K, reserved 1075200K
  class space    used 3201K, capacity 3838K, committed 3840K, reserved 1048576K
}

