# JRE version: OpenJDK Runtime Environment Temurin-11.0.30+7 (11.0.30+7) (build 11.0.30+7)
# Java VM: OpenJDK 64-Bit Server VM Temurin-11.0.30+7 (11.0.30+7, mixed mode, tiered, compressed oops, g1 gc, windows-amd64)
Heap:
 garbage-first heap   total 131072K, used 61311K [0x0000000081a00000, 0x0000000100000000)
  region size 1024K, 47 young (48128K), 6 survivors (6144K)
 Metaspace       used 31589K, capacity 32745K, committed 32768K, reserved 1077248K
  class space    used 3561K, capacity 4079K, committed 4096K, reserved 1048576K
GC Heap History (12 events):
Event: 1.309 GC heap before
{Heap before GC invocations=0 (full 0):
 garbage-first heap   total 131072K, used 14336K [0x0000000081a00000, 0x0000000100000000)
  region size 1024K, 14 young (14336K), 0 survivors (0K)
 Metaspace       used 9350K, capacity 9467K, committed 9600K, reserved 1058816K
  class space    used 823K, capacity 856K, committed 896K, reserved 1048576K
}
Event: 1.315 GC heap after
{Heap after GC invocations=1 (full 0):
 garbage-first heap   total 131072K, used 5358K [0x0000000081a00000, 0x0000000100000000)
  region size 1024K, 2 young (2048K), 2 survivors (2048K)
 Metaspace       used 9350K, capacity 9467K, committed 9600K, reserved 1058816K
  class space    used 823K, capacity 856K, committed 896K, reserved 1048576K
}
Event: 1.648 GC heap before
{Heap before GC invocations=1 (full 0):
 garbage-first heap   total 131072K, used 14574K [0x0000000081a00000, 0x0000000100000000)
  region size 1024K, 11 young (11264K), 2 survivors (2048K)
 Metaspace       used 11601K, capacity 11785K, committed 11904K, reserved 1060864K
  class space    used 1037K, capacity 1099K, committed 1152K, reserved 1048576K
}
Event: 1.653 GC heap after
{Heap after GC invocations=2 (full 0):
 garbage-first heap   total 131072K, used 6330K [0x0000000081a00000, 0x0000000100000000)
  region size 1024K, 1 young (1024K), 1 survivors (1024K)
 Metaspace       used 11601K, capacity 11785K, committed 11904K, reserved 1060864K
  class space    used 1037K, capacity 1099K, committed 1152K, reserved 1048576K
}
Event: 2.393 GC heap before
{Heap before GC invocations=2 (full 0):
 garbage-first heap   total 131072K, used 36026K [0x0000000081a00000, 0x0000000100000000)
  region size 1024K, 27 young (27648K), 1 survivors (1024K)
 Metaspace       used 16141K, capacity 16397K, committed 16512K, reserved 1064960K
  class space    used 1460K, capacity 1550K, committed 1664K, reserved 1048576K
}
Event: 2.402 GC heap after
{Heap after GC invocations=3 (full 0):
 garbage-first heap   total 131072K, used 9465K [0x0000000081a00000, 0x0000000100000000)
  region size 1024K, 4 young (4096K), 4 survivors (4096K)
 Metaspace       used 16141K, capacity 16397K, committed 16512K, reserved 1064960K
  class space    used 1460K, capacity 1550K, committed 1664K, reserved 1048576K
}
Event: 3.179 GC heap before
{Heap before GC invocations=3 (full 0):
 garbage-first heap   total 131072K, used 42233K [0x0000000081a00000, 0x0000000100000000)
  region size 1024K, 37 young (37888K), 4 survivors (4096K)
 Metaspace       used 19372K, capacity 20033K, committed 20096K, reserved 1067008K
  class space    used 1841K, capacity 2125K, committed 2176K, reserved 1048576K
}
Event: 3.197 GC heap after
{Heap after GC invocations=4 (full 0):
 garbage-first heap   total 131072K, used 14899K [0x0000000081a00000, 0x0000000100000000)
  region size 1024K, 5 young (5120K), 5 survivors (5120K)
 Metaspace       used 19372K, capacity 20033K, committed 20096K, reserved 1067008K
  class space    used 1841K, capacity 2125K, committed 2176K, reserved 1048576K
}
Event: 3.517 GC heap before
{Heap before GC invocations=4 (full 0):
 garbage-first heap   total 131072K, used 33331K [0x0000000081a00000, 0x0000000100000000)
  region size 1024K, 24 young (24576K), 5 survivors (5120K)
 Metaspace       used 20432K, capacity 21201K, committed 21248K, reserved 1069056K
  class space    used 1991K, capacity 2298K, committed 2304K, reserved 1048576K
}
Event: 3.530 GC heap after
{Heap after GC invocations=5 (full 0):
 garbage-first heap   total 131072K, used 16084K [0x0000000081a00000, 0x0000000100000000)
  region size 1024K, 3 young (3072K), 3 survivors (3072K)
 Metaspace       used 20432K, capacity 21201K, committed 21248K, reserved 1069056K
  class space    used 1991K, capacity 2298K, committed 2304K, reserved 1048576K
}
Event: 6.027 GC heap before
{Heap before GC invocations=6 (full 0):
 garbage-first heap   total 131072K, used 59092K [0x0000000081a00000, 0x0000000100000000)
  region size 1024K, 45 young (46080K), 3 survivors (3072K)
 Metaspace       used 28295K, capacity 29394K, committed 29696K, reserved 1075200K
  class space    used 3004K, capacity 3486K, committed 3584K, reserved 1048576K
}
Event: 6.044 GC heap after
{Heap after GC invocations=7 (full 0):
 garbage-first heap   total 131072K, used 21375K [0x0000000081a00000, 0x0000000100000000)
  region size 1024K, 6 young (6144K), 6 survivors (6144K)
 Metaspace       used 28295K, capacity 29394K, committed 29696K, reserved 1075200K
  class space    used 3004K, capacity 3486K, committed 3584K, reserved 1048576K
}

